[2018-09-28 06:31:56] clx.INFO: Invalid address:  (addAnAddress to):  [] []
[2018-09-28 06:32:40] clx.INFO: SERVER -> CLIENT: 220 mailtrap.io ESMTP ready  [] []
[2018-09-28 06:32:40] clx.INFO: CLIENT -> SERVER: EHLO Razibs-MacBook-Pro.local  [] []
[2018-09-28 06:32:40] clx.INFO: SERVER -> CLIENT: 250-mailtrap.io 250-SIZE 5242880 250-PIPELINING 250-ENHANCEDSTATUSCODES 250-8BITMIME 250-DSN 250-AUTH PLAIN LOGIN CRAM-MD5 250 STARTTLS  [] []
[2018-09-28 06:32:40] clx.INFO: CLIENT -> SERVER: STARTTLS  [] []
[2018-09-28 06:32:40] clx.INFO: SERVER -> CLIENT: 220 2.0.0 Start TLS  [] []
[2018-09-28 06:32:41] clx.INFO: CLIENT -> SERVER: EHLO Razibs-MacBook-Pro.local  [] []
[2018-09-28 06:32:41] clx.INFO: SERVER -> CLIENT: 250-mailtrap.io 250-SIZE 5242880 250-PIPELINING 250-ENHANCEDSTATUSCODES 250-8BITMIME 250-DSN 250 AUTH PLAIN LOGIN CRAM-MD5  [] []
[2018-09-28 06:32:41] clx.INFO: CLIENT -> SERVER: AUTH CRAM-MD5  [] []
[2018-09-28 06:32:41] clx.INFO: SERVER -> CLIENT: 334 PDEyMDIwMTM3NzMuMTUzODEzMDc2M0BtYWlsdHJhcC5pbz4=  [] []
[2018-09-28 06:32:41] clx.INFO: CLIENT -> SERVER: OGQ0ODM4ZGRjNjQ0YTEgYzU5YWQ3ZWVlZDhlMjExZTAyZDE5M2U2OTY5N2FjYTg=  [] []
[2018-09-28 06:32:41] clx.INFO: SERVER -> CLIENT: 235 2.0.0 OK  [] []
[2018-09-28 06:32:41] clx.INFO: CLIENT -> SERVER: MAIL FROM:<demo@example.com>  [] []
[2018-09-28 06:32:41] clx.INFO: SERVER -> CLIENT: 250 2.1.0 Ok  [] []
[2018-09-28 06:32:41] clx.INFO: CLIENT -> SERVER: RCPT TO:<tech@example.com>  [] []
[2018-09-28 06:32:42] clx.INFO: SERVER -> CLIENT: 250 2.1.0 Ok  [] []
[2018-09-28 06:32:42] clx.INFO: CLIENT -> SERVER: DATA  [] []
[2018-09-28 06:32:42] clx.INFO: SERVER -> CLIENT: 354 Go ahead  [] []
[2018-09-28 06:32:42] clx.INFO: CLIENT -> SERVER: Date: Fri, 28 Sep 2018 06:32:39 -0400  [] []
[2018-09-28 06:32:42] clx.INFO: CLIENT -> SERVER: To: tech@example.com  [] []
[2018-09-28 06:32:42] clx.INFO: CLIENT -> SERVER: From: "CloudOnex LLC." <demo@example.com>  [] []
[2018-09-28 06:32:42] clx.INFO: CLIENT -> SERVER: Reply-To: "CloudOnex LLC." <demo@example.com>  [] []
[2018-09-28 06:32:42] clx.INFO: CLIENT -> SERVER: Subject: Ticket assigned: SAL-87456834  [] []
[2018-09-28 06:32:42] clx.INFO: CLIENT -> SERVER: Message-ID: <14b03f7583e97b142a32b9fd8e6d73ec@Razibs-MacBook-Pro.local>  [] []
[2018-09-28 06:32:42] clx.INFO: CLIENT -> SERVER: X-Mailer: PHPMailer 5.2.26 (https://github.com/PHPMailer/PHPMailer)  [] []
[2018-09-28 06:32:42] clx.INFO: CLIENT -> SERVER: MIME-Version: 1.0  [] []
[2018-09-28 06:32:42] clx.INFO: CLIENT -> SERVER: Content-Type: multipart/alternative;  [] []
[2018-09-28 06:32:42] clx.INFO: CLIENT -> SERVER: 	boundary="b1_14b03f7583e97b142a32b9fd8e6d73ec"  [] []
[2018-09-28 06:32:42] clx.INFO: CLIENT -> SERVER: Content-Transfer-Encoding: 8bit  [] []
[2018-09-28 06:32:42] clx.INFO: CLIENT -> SERVER:   [] []
[2018-09-28 06:32:42] clx.INFO: CLIENT -> SERVER: This is a multi-part message in MIME format.  [] []
[2018-09-28 06:32:42] clx.INFO: CLIENT -> SERVER:   [] []
[2018-09-28 06:32:42] clx.INFO: CLIENT -> SERVER: --b1_14b03f7583e97b142a32b9fd8e6d73ec  [] []
[2018-09-28 06:32:42] clx.INFO: CLIENT -> SERVER: Content-Type: text/plain; charset=us-ascii  [] []
[2018-09-28 06:32:42] clx.INFO: CLIENT -> SERVER:   [] []
[2018-09-28 06:32:42] clx.INFO: CLIENT -> SERVER: View Ticket- http://stackb.test/?ng=tickets/admin/view/1  [] []
[2018-09-28 06:32:42] clx.INFO: CLIENT -> SERVER:   [] []
[2018-09-28 06:32:42] clx.INFO: CLIENT -> SERVER:   [] []
[2018-09-28 06:32:42] clx.INFO: CLIENT -> SERVER: --b1_14b03f7583e97b142a32b9fd8e6d73ec  [] []
[2018-09-28 06:32:42] clx.INFO: CLIENT -> SERVER: Content-Type: text/html; charset=us-ascii  [] []
[2018-09-28 06:32:42] clx.INFO: CLIENT -> SERVER:   [] []
[2018-09-28 06:32:42] clx.INFO: CLIENT -> SERVER: View Ticket- http://stackb.test/?ng=tickets/admin/view/1  [] []
[2018-09-28 06:32:42] clx.INFO: CLIENT -> SERVER:   [] []
[2018-09-28 06:32:42] clx.INFO: CLIENT -> SERVER:   [] []
[2018-09-28 06:32:42] clx.INFO: CLIENT -> SERVER:   [] []
[2018-09-28 06:32:42] clx.INFO: CLIENT -> SERVER: --b1_14b03f7583e97b142a32b9fd8e6d73ec--  [] []
[2018-09-28 06:32:42] clx.INFO: CLIENT -> SERVER:   [] []
[2018-09-28 06:32:42] clx.INFO: CLIENT -> SERVER: .  [] []
[2018-09-28 06:32:42] clx.INFO: SERVER -> CLIENT: 250 2.0.0 Ok: queued  [] []
[2018-09-28 06:32:42] clx.INFO: CLIENT -> SERVER: QUIT  [] []
[2018-09-28 06:32:42] clx.INFO: SERVER -> CLIENT: 221 2.0.0 Bye  [] []
[2018-09-28 06:32:54] clx.INFO: SERVER -> CLIENT: 220 mailtrap.io ESMTP ready  [] []
[2018-09-28 06:32:54] clx.INFO: CLIENT -> SERVER: EHLO Razibs-MacBook-Pro.local  [] []
[2018-09-28 06:32:54] clx.INFO: SERVER -> CLIENT: 250-mailtrap.io 250-SIZE 5242880 250-PIPELINING 250-ENHANCEDSTATUSCODES 250-8BITMIME 250-DSN 250-AUTH PLAIN LOGIN CRAM-MD5 250 STARTTLS  [] []
[2018-09-28 06:32:54] clx.INFO: CLIENT -> SERVER: STARTTLS  [] []
[2018-09-28 06:32:54] clx.INFO: SERVER -> CLIENT: 220 2.0.0 Start TLS  [] []
[2018-09-28 06:32:55] clx.INFO: CLIENT -> SERVER: EHLO Razibs-MacBook-Pro.local  [] []
[2018-09-28 06:32:55] clx.INFO: SERVER -> CLIENT: 250-mailtrap.io 250-SIZE 5242880 250-PIPELINING 250-ENHANCEDSTATUSCODES 250-8BITMIME 250-DSN 250 AUTH PLAIN LOGIN CRAM-MD5  [] []
[2018-09-28 06:32:55] clx.INFO: CLIENT -> SERVER: AUTH CRAM-MD5  [] []
[2018-09-28 06:32:55] clx.INFO: SERVER -> CLIENT: 334 PDE2NjMwOTc0NjcuMTUzODEzMDc3N0BtYWlsdHJhcC5pbz4=  [] []
[2018-09-28 06:32:55] clx.INFO: CLIENT -> SERVER: OGQ0ODM4ZGRjNjQ0YTEgMmE2YjU4ZTYyOTc1NDI5YTczYTg3MDBlOGUxOGI3ZWI=  [] []
[2018-09-28 06:32:55] clx.INFO: SERVER -> CLIENT: 235 2.0.0 OK  [] []
[2018-09-28 06:32:55] clx.INFO: CLIENT -> SERVER: MAIL FROM:<demo@example.com>  [] []
[2018-09-28 06:32:56] clx.INFO: SERVER -> CLIENT: 250 2.1.0 Ok  [] []
[2018-09-28 06:32:56] clx.INFO: CLIENT -> SERVER: RCPT TO:<razib.stackpie@gmail.com>  [] []
[2018-09-28 06:32:56] clx.INFO: SERVER -> CLIENT: 250 2.1.0 Ok  [] []
[2018-09-28 06:32:56] clx.INFO: CLIENT -> SERVER: DATA  [] []
[2018-09-28 06:32:56] clx.INFO: SERVER -> CLIENT: 354 Go ahead  [] []
[2018-09-28 06:32:56] clx.INFO: CLIENT -> SERVER: Date: Fri, 28 Sep 2018 06:32:54 -0400  [] []
[2018-09-28 06:32:56] clx.INFO: CLIENT -> SERVER: To: razib.stackpie@gmail.com  [] []
[2018-09-28 06:32:56] clx.INFO: CLIENT -> SERVER: From: "CloudOnex LLC." <demo@example.com>  [] []
[2018-09-28 06:32:56] clx.INFO: CLIENT -> SERVER: Reply-To: "CloudOnex LLC." <demo@example.com>  [] []
[2018-09-28 06:32:56] clx.INFO: CLIENT -> SERVER: Subject: Ticket assigned: SAL-87456834  [] []
[2018-09-28 06:32:56] clx.INFO: CLIENT -> SERVER: Message-ID: <0076249d52b7880f62ff2ca51194b2f7@Razibs-MacBook-Pro.local>  [] []
[2018-09-28 06:32:56] clx.INFO: CLIENT -> SERVER: X-Mailer: PHPMailer 5.2.26 (https://github.com/PHPMailer/PHPMailer)  [] []
[2018-09-28 06:32:56] clx.INFO: CLIENT -> SERVER: MIME-Version: 1.0  [] []
[2018-09-28 06:32:56] clx.INFO: CLIENT -> SERVER: Content-Type: multipart/alternative;  [] []
[2018-09-28 06:32:56] clx.INFO: CLIENT -> SERVER: 	boundary="b1_0076249d52b7880f62ff2ca51194b2f7"  [] []
[2018-09-28 06:32:56] clx.INFO: CLIENT -> SERVER: Content-Transfer-Encoding: 8bit  [] []
[2018-09-28 06:32:56] clx.INFO: CLIENT -> SERVER:   [] []
[2018-09-28 06:32:56] clx.INFO: CLIENT -> SERVER: This is a multi-part message in MIME format.  [] []
[2018-09-28 06:32:56] clx.INFO: CLIENT -> SERVER:   [] []
[2018-09-28 06:32:56] clx.INFO: CLIENT -> SERVER: --b1_0076249d52b7880f62ff2ca51194b2f7  [] []
[2018-09-28 06:32:56] clx.INFO: CLIENT -> SERVER: Content-Type: text/plain; charset=us-ascii  [] []
[2018-09-28 06:32:56] clx.INFO: CLIENT -> SERVER:   [] []
[2018-09-28 06:32:56] clx.INFO: CLIENT -> SERVER: View Ticket- http://stackb.test/?ng=tickets/admin/view/1  [] []
[2018-09-28 06:32:56] clx.INFO: CLIENT -> SERVER:   [] []
[2018-09-28 06:32:56] clx.INFO: CLIENT -> SERVER:   [] []
[2018-09-28 06:32:56] clx.INFO: CLIENT -> SERVER: --b1_0076249d52b7880f62ff2ca51194b2f7  [] []
[2018-09-28 06:32:56] clx.INFO: CLIENT -> SERVER: Content-Type: text/html; charset=us-ascii  [] []
[2018-09-28 06:32:56] clx.INFO: CLIENT -> SERVER:   [] []
[2018-09-28 06:32:56] clx.INFO: CLIENT -> SERVER: View Ticket- http://stackb.test/?ng=tickets/admin/view/1  [] []
[2018-09-28 06:32:56] clx.INFO: CLIENT -> SERVER:   [] []
[2018-09-28 06:32:56] clx.INFO: CLIENT -> SERVER:   [] []
[2018-09-28 06:32:56] clx.INFO: CLIENT -> SERVER:   [] []
[2018-09-28 06:32:56] clx.INFO: CLIENT -> SERVER: --b1_0076249d52b7880f62ff2ca51194b2f7--  [] []
[2018-09-28 06:32:56] clx.INFO: CLIENT -> SERVER:   [] []
[2018-09-28 06:32:56] clx.INFO: CLIENT -> SERVER: .  [] []
[2018-09-28 06:32:56] clx.INFO: SERVER -> CLIENT: 250 2.0.0 Ok: queued  [] []
[2018-09-28 06:32:56] clx.INFO: CLIENT -> SERVER: QUIT  [] []
[2018-09-28 06:32:56] clx.INFO: SERVER -> CLIENT: 221 2.0.0 Bye  [] []
[2018-09-28 06:41:26] clx.INFO: SERVER -> CLIENT: 220 mailtrap.io ESMTP ready  [] []
[2018-09-28 06:41:26] clx.INFO: CLIENT -> SERVER: EHLO Razibs-MacBook-Pro.local  [] []
[2018-09-28 06:41:26] clx.INFO: SERVER -> CLIENT: 250-mailtrap.io 250-SIZE 5242880 250-PIPELINING 250-ENHANCEDSTATUSCODES 250-8BITMIME 250-DSN 250-AUTH PLAIN LOGIN CRAM-MD5 250 STARTTLS  [] []
[2018-09-28 06:41:26] clx.INFO: CLIENT -> SERVER: STARTTLS  [] []
[2018-09-28 06:41:26] clx.INFO: SERVER -> CLIENT: 220 2.0.0 Start TLS  [] []
[2018-09-28 06:41:26] clx.INFO: CLIENT -> SERVER: EHLO Razibs-MacBook-Pro.local  [] []
[2018-09-28 06:41:27] clx.INFO: SERVER -> CLIENT: 250-mailtrap.io 250-SIZE 5242880 250-PIPELINING 250-ENHANCEDSTATUSCODES 250-8BITMIME 250-DSN 250 AUTH PLAIN LOGIN CRAM-MD5  [] []
[2018-09-28 06:41:27] clx.INFO: CLIENT -> SERVER: AUTH CRAM-MD5  [] []
[2018-09-28 06:41:27] clx.INFO: SERVER -> CLIENT: 334 PDE5MTYyNzc0MjQuMTUzODEzMTI4OEBtYWlsdHJhcC5pbz4=  [] []
[2018-09-28 06:41:27] clx.INFO: CLIENT -> SERVER: OGQ0ODM4ZGRjNjQ0YTEgMGRlMDAwNzRjYjI2NmFmOWMzOGMxNGIzMzliZWUyODU=  [] []
[2018-09-28 06:41:27] clx.INFO: SERVER -> CLIENT: 235 2.0.0 OK  [] []
[2018-09-28 06:41:27] clx.INFO: CLIENT -> SERVER: MAIL FROM:<demo@example.com>  [] []
[2018-09-28 06:41:27] clx.INFO: SERVER -> CLIENT: 250 2.1.0 Ok  [] []
[2018-09-28 06:41:27] clx.INFO: CLIENT -> SERVER: RCPT TO:<own@example.com>  [] []
[2018-09-28 06:41:27] clx.INFO: SERVER -> CLIENT: 250 2.1.0 Ok  [] []
[2018-09-28 06:41:27] clx.INFO: CLIENT -> SERVER: DATA  [] []
[2018-09-28 06:41:28] clx.INFO: SERVER -> CLIENT: 354 Go ahead  [] []
[2018-09-28 06:41:28] clx.INFO: CLIENT -> SERVER: Date: Fri, 28 Sep 2018 06:41:25 -0400  [] []
[2018-09-28 06:41:28] clx.INFO: CLIENT -> SERVER: To: own@example.com  [] []
[2018-09-28 06:41:28] clx.INFO: CLIENT -> SERVER: From: "CloudOnex LLC." <demo@example.com>  [] []
[2018-09-28 06:41:28] clx.INFO: CLIENT -> SERVER: Reply-To: "CloudOnex LLC." <demo@example.com>  [] []
[2018-09-28 06:41:28] clx.INFO: CLIENT -> SERVER: Subject: Ticket assigned: SAL-87456834  [] []
[2018-09-28 06:41:28] clx.INFO: CLIENT -> SERVER: Message-ID: <6cbb6d152171bfb3435a869561eaaedb@Razibs-MacBook-Pro.local>  [] []
[2018-09-28 06:41:28] clx.INFO: CLIENT -> SERVER: X-Mailer: PHPMailer 5.2.26 (https://github.com/PHPMailer/PHPMailer)  [] []
[2018-09-28 06:41:28] clx.INFO: CLIENT -> SERVER: MIME-Version: 1.0  [] []
[2018-09-28 06:41:28] clx.INFO: CLIENT -> SERVER: Content-Type: multipart/alternative;  [] []
[2018-09-28 06:41:28] clx.INFO: CLIENT -> SERVER: 	boundary="b1_6cbb6d152171bfb3435a869561eaaedb"  [] []
[2018-09-28 06:41:28] clx.INFO: CLIENT -> SERVER: Content-Transfer-Encoding: 8bit  [] []
[2018-09-28 06:41:28] clx.INFO: CLIENT -> SERVER:   [] []
[2018-09-28 06:41:28] clx.INFO: CLIENT -> SERVER: This is a multi-part message in MIME format.  [] []
[2018-09-28 06:41:28] clx.INFO: CLIENT -> SERVER:   [] []
[2018-09-28 06:41:28] clx.INFO: CLIENT -> SERVER: --b1_6cbb6d152171bfb3435a869561eaaedb  [] []
[2018-09-28 06:41:28] clx.INFO: CLIENT -> SERVER: Content-Type: text/plain; charset=us-ascii  [] []
[2018-09-28 06:41:28] clx.INFO: CLIENT -> SERVER:   [] []
[2018-09-28 06:41:28] clx.INFO: CLIENT -> SERVER: View Ticket- http://stackb.test/?ng=tickets/admin/view/1  [] []
[2018-09-28 06:41:28] clx.INFO: CLIENT -> SERVER:   [] []
[2018-09-28 06:41:28] clx.INFO: CLIENT -> SERVER:   [] []
[2018-09-28 06:41:28] clx.INFO: CLIENT -> SERVER: --b1_6cbb6d152171bfb3435a869561eaaedb  [] []
[2018-09-28 06:41:28] clx.INFO: CLIENT -> SERVER: Content-Type: text/html; charset=us-ascii  [] []
[2018-09-28 06:41:28] clx.INFO: CLIENT -> SERVER:   [] []
[2018-09-28 06:41:28] clx.INFO: CLIENT -> SERVER: View Ticket- http://stackb.test/?ng=tickets/admin/view/1  [] []
[2018-09-28 06:41:28] clx.INFO: CLIENT -> SERVER:   [] []
[2018-09-28 06:41:28] clx.INFO: CLIENT -> SERVER:   [] []
[2018-09-28 06:41:28] clx.INFO: CLIENT -> SERVER:   [] []
[2018-09-28 06:41:28] clx.INFO: CLIENT -> SERVER: --b1_6cbb6d152171bfb3435a869561eaaedb--  [] []
[2018-09-28 06:41:28] clx.INFO: CLIENT -> SERVER:   [] []
[2018-09-28 06:41:28] clx.INFO: CLIENT -> SERVER: .  [] []
[2018-09-28 06:41:28] clx.INFO: SERVER -> CLIENT: 250 2.0.0 Ok: queued  [] []
[2018-09-28 06:41:28] clx.INFO: CLIENT -> SERVER: QUIT  [] []
[2018-09-28 06:41:28] clx.INFO: SERVER -> CLIENT: 221 2.0.0 Bye  [] []
[2018-09-28 06:42:24] clx.INFO: SERVER -> CLIENT: 220 mailtrap.io ESMTP ready  [] []
[2018-09-28 06:42:24] clx.INFO: CLIENT -> SERVER: EHLO Razibs-MacBook-Pro.local  [] []
[2018-09-28 06:42:24] clx.INFO: SERVER -> CLIENT: 250-mailtrap.io 250-SIZE 5242880 250-PIPELINING 250-ENHANCEDSTATUSCODES 250-8BITMIME 250-DSN 250-AUTH PLAIN LOGIN CRAM-MD5 250 STARTTLS  [] []
[2018-09-28 06:42:24] clx.INFO: CLIENT -> SERVER: STARTTLS  [] []
[2018-09-28 06:42:25] clx.INFO: SERVER -> CLIENT: 220 2.0.0 Start TLS  [] []
[2018-09-28 06:42:25] clx.INFO: CLIENT -> SERVER: EHLO Razibs-MacBook-Pro.local  [] []
[2018-09-28 06:42:25] clx.INFO: SERVER -> CLIENT: 250-mailtrap.io 250-SIZE 5242880 250-PIPELINING 250-ENHANCEDSTATUSCODES 250-8BITMIME 250-DSN 250 AUTH PLAIN LOGIN CRAM-MD5  [] []
[2018-09-28 06:42:25] clx.INFO: CLIENT -> SERVER: AUTH CRAM-MD5  [] []
[2018-09-28 06:42:25] clx.INFO: SERVER -> CLIENT: 334 PDE0MjQxOTc4MjYuMTUzODEzMTM0N0BtYWlsdHJhcC5pbz4=  [] []
[2018-09-28 06:42:25] clx.INFO: CLIENT -> SERVER: OGQ0ODM4ZGRjNjQ0YTEgYzA3YzY1ZTAyYmI1NWZkYmRjMWU0NWI4ZDgzNzQ5MjI=  [] []
[2018-09-28 06:42:26] clx.INFO: SERVER -> CLIENT: 235 2.0.0 OK  [] []
[2018-09-28 06:42:26] clx.INFO: CLIENT -> SERVER: MAIL FROM:<demo@example.com>  [] []
[2018-09-28 06:42:26] clx.INFO: SERVER -> CLIENT: 250 2.1.0 Ok  [] []
[2018-09-28 06:42:26] clx.INFO: CLIENT -> SERVER: RCPT TO:<test@test.com>  [] []
[2018-09-28 06:42:26] clx.INFO: SERVER -> CLIENT: 250 2.1.0 Ok  [] []
[2018-09-28 06:42:26] clx.INFO: CLIENT -> SERVER: DATA  [] []
[2018-09-28 06:42:26] clx.INFO: SERVER -> CLIENT: 354 Go ahead  [] []
[2018-09-28 06:42:26] clx.INFO: CLIENT -> SERVER: Date: Fri, 28 Sep 2018 06:42:24 -0400  [] []
[2018-09-28 06:42:26] clx.INFO: CLIENT -> SERVER: To: test@test.com  [] []
[2018-09-28 06:42:26] clx.INFO: CLIENT -> SERVER: From: "CloudOnex LLC." <demo@example.com>  [] []
[2018-09-28 06:42:26] clx.INFO: CLIENT -> SERVER: Reply-To: "CloudOnex LLC." <demo@example.com>  [] []
[2018-09-28 06:42:26] clx.INFO: CLIENT -> SERVER: Subject: Ticket assigned: SAL-87456834  [] []
[2018-09-28 06:42:26] clx.INFO: CLIENT -> SERVER: Message-ID: <4a7e55226d9790d26781cc7f2a8a32b5@Razibs-MacBook-Pro.local>  [] []
[2018-09-28 06:42:26] clx.INFO: CLIENT -> SERVER: X-Mailer: PHPMailer 5.2.26 (https://github.com/PHPMailer/PHPMailer)  [] []
[2018-09-28 06:42:26] clx.INFO: CLIENT -> SERVER: MIME-Version: 1.0  [] []
[2018-09-28 06:42:26] clx.INFO: CLIENT -> SERVER: Content-Type: multipart/alternative;  [] []
[2018-09-28 06:42:26] clx.INFO: CLIENT -> SERVER: 	boundary="b1_4a7e55226d9790d26781cc7f2a8a32b5"  [] []
[2018-09-28 06:42:26] clx.INFO: CLIENT -> SERVER: Content-Transfer-Encoding: 8bit  [] []
[2018-09-28 06:42:26] clx.INFO: CLIENT -> SERVER:   [] []
[2018-09-28 06:42:26] clx.INFO: CLIENT -> SERVER: This is a multi-part message in MIME format.  [] []
[2018-09-28 06:42:26] clx.INFO: CLIENT -> SERVER:   [] []
[2018-09-28 06:42:26] clx.INFO: CLIENT -> SERVER: --b1_4a7e55226d9790d26781cc7f2a8a32b5  [] []
[2018-09-28 06:42:26] clx.INFO: CLIENT -> SERVER: Content-Type: text/plain; charset=us-ascii  [] []
[2018-09-28 06:42:26] clx.INFO: CLIENT -> SERVER:   [] []
[2018-09-28 06:42:26] clx.INFO: CLIENT -> SERVER: View Ticket- http://stackb.test/?ng=tickets/admin/view/1  [] []
[2018-09-28 06:42:26] clx.INFO: CLIENT -> SERVER:   [] []
[2018-09-28 06:42:26] clx.INFO: CLIENT -> SERVER:   [] []
[2018-09-28 06:42:26] clx.INFO: CLIENT -> SERVER: --b1_4a7e55226d9790d26781cc7f2a8a32b5  [] []
[2018-09-28 06:42:26] clx.INFO: CLIENT -> SERVER: Content-Type: text/html; charset=us-ascii  [] []
[2018-09-28 06:42:26] clx.INFO: CLIENT -> SERVER:   [] []
[2018-09-28 06:42:26] clx.INFO: CLIENT -> SERVER: View Ticket- http://stackb.test/?ng=tickets/admin/view/1  [] []
[2018-09-28 06:42:26] clx.INFO: CLIENT -> SERVER:   [] []
[2018-09-28 06:42:26] clx.INFO: CLIENT -> SERVER:   [] []
[2018-09-28 06:42:26] clx.INFO: CLIENT -> SERVER:   [] []
[2018-09-28 06:42:26] clx.INFO: CLIENT -> SERVER: --b1_4a7e55226d9790d26781cc7f2a8a32b5--  [] []
[2018-09-28 06:42:26] clx.INFO: CLIENT -> SERVER:   [] []
[2018-09-28 06:42:26] clx.INFO: CLIENT -> SERVER: .  [] []
[2018-09-28 06:42:27] clx.INFO: SERVER -> CLIENT: 250 2.0.0 Ok: queued  [] []
[2018-09-28 06:42:27] clx.INFO: CLIENT -> SERVER: QUIT  [] []
[2018-09-28 06:42:27] clx.INFO: SERVER -> CLIENT: 221 2.0.0 Bye  [] []
[2018-09-28 06:44:03] clx.INFO: SERVER -> CLIENT: 220 mailtrap.io ESMTP ready  [] []
[2018-09-28 06:44:03] clx.INFO: CLIENT -> SERVER: EHLO Razibs-MacBook-Pro.local  [] []
[2018-09-28 06:44:03] clx.INFO: SERVER -> CLIENT: 250-mailtrap.io 250-SIZE 5242880 250-PIPELINING 250-ENHANCEDSTATUSCODES 250-8BITMIME 250-DSN 250-AUTH PLAIN LOGIN CRAM-MD5 250 STARTTLS  [] []
[2018-09-28 06:44:03] clx.INFO: CLIENT -> SERVER: STARTTLS  [] []
[2018-09-28 06:44:03] clx.INFO: SERVER -> CLIENT: 220 2.0.0 Start TLS  [] []
[2018-09-28 06:44:03] clx.INFO: CLIENT -> SERVER: EHLO Razibs-MacBook-Pro.local  [] []
[2018-09-28 06:44:04] clx.INFO: SERVER -> CLIENT: 250-mailtrap.io 250-SIZE 5242880 250-PIPELINING 250-ENHANCEDSTATUSCODES 250-8BITMIME 250-DSN 250 AUTH PLAIN LOGIN CRAM-MD5  [] []
[2018-09-28 06:44:04] clx.INFO: CLIENT -> SERVER: AUTH CRAM-MD5  [] []
[2018-09-28 06:44:04] clx.INFO: SERVER -> CLIENT: 334 PDE1MTQ5MTA0NjcuMTUzODEzMTQ0NkBtYWlsdHJhcC5pbz4=  [] []
[2018-09-28 06:44:04] clx.INFO: CLIENT -> SERVER: OGQ0ODM4ZGRjNjQ0YTEgNGViZmJhN2FjMzY4MGY2MmY5NGZmN2M5ZTIwNjY5ODE=  [] []
[2018-09-28 06:44:04] clx.INFO: SERVER -> CLIENT: 235 2.0.0 OK  [] []
[2018-09-28 06:44:04] clx.INFO: CLIENT -> SERVER: MAIL FROM:<demo@example.com>  [] []
[2018-09-28 06:44:04] clx.INFO: SERVER -> CLIENT: 250 2.1.0 Ok  [] []
[2018-09-28 06:44:04] clx.INFO: CLIENT -> SERVER: RCPT TO:<own@example.com>  [] []
[2018-09-28 06:44:04] clx.INFO: SERVER -> CLIENT: 250 2.1.0 Ok  [] []
[2018-09-28 06:44:04] clx.INFO: CLIENT -> SERVER: DATA  [] []
[2018-09-28 06:44:05] clx.INFO: SERVER -> CLIENT: 354 Go ahead  [] []
[2018-09-28 06:44:05] clx.INFO: CLIENT -> SERVER: Date: Fri, 28 Sep 2018 06:44:02 -0400  [] []
[2018-09-28 06:44:05] clx.INFO: CLIENT -> SERVER: To: own@example.com  [] []
[2018-09-28 06:44:05] clx.INFO: CLIENT -> SERVER: From: "CloudOnex LLC." <demo@example.com>  [] []
[2018-09-28 06:44:05] clx.INFO: CLIENT -> SERVER: Reply-To: "CloudOnex LLC." <demo@example.com>  [] []
[2018-09-28 06:44:05] clx.INFO: CLIENT -> SERVER: Subject: Ticket assigned: SAL-87456834  [] []
[2018-09-28 06:44:05] clx.INFO: CLIENT -> SERVER: Message-ID: <fcbc6e3078b231c6e134ce4343238f7e@Razibs-MacBook-Pro.local>  [] []
[2018-09-28 06:44:05] clx.INFO: CLIENT -> SERVER: X-Mailer: PHPMailer 5.2.26 (https://github.com/PHPMailer/PHPMailer)  [] []
[2018-09-28 06:44:05] clx.INFO: CLIENT -> SERVER: MIME-Version: 1.0  [] []
[2018-09-28 06:44:05] clx.INFO: CLIENT -> SERVER: Content-Type: multipart/alternative;  [] []
[2018-09-28 06:44:05] clx.INFO: CLIENT -> SERVER: 	boundary="b1_fcbc6e3078b231c6e134ce4343238f7e"  [] []
[2018-09-28 06:44:05] clx.INFO: CLIENT -> SERVER: Content-Transfer-Encoding: 8bit  [] []
[2018-09-28 06:44:05] clx.INFO: CLIENT -> SERVER:   [] []
[2018-09-28 06:44:05] clx.INFO: CLIENT -> SERVER: This is a multi-part message in MIME format.  [] []
[2018-09-28 06:44:05] clx.INFO: CLIENT -> SERVER:   [] []
[2018-09-28 06:44:05] clx.INFO: CLIENT -> SERVER: --b1_fcbc6e3078b231c6e134ce4343238f7e  [] []
[2018-09-28 06:44:05] clx.INFO: CLIENT -> SERVER: Content-Type: text/plain; charset=us-ascii  [] []
[2018-09-28 06:44:05] clx.INFO: CLIENT -> SERVER:   [] []
[2018-09-28 06:44:05] clx.INFO: CLIENT -> SERVER: View Ticket- http://stackb.test/?ng=tickets/admin/view/1  [] []
[2018-09-28 06:44:05] clx.INFO: CLIENT -> SERVER:   [] []
[2018-09-28 06:44:05] clx.INFO: CLIENT -> SERVER:   [] []
[2018-09-28 06:44:05] clx.INFO: CLIENT -> SERVER: --b1_fcbc6e3078b231c6e134ce4343238f7e  [] []
[2018-09-28 06:44:05] clx.INFO: CLIENT -> SERVER: Content-Type: text/html; charset=us-ascii  [] []
[2018-09-28 06:44:05] clx.INFO: CLIENT -> SERVER:   [] []
[2018-09-28 06:44:05] clx.INFO: CLIENT -> SERVER: View Ticket- http://stackb.test/?ng=tickets/admin/view/1  [] []
[2018-09-28 06:44:05] clx.INFO: CLIENT -> SERVER:   [] []
[2018-09-28 06:44:05] clx.INFO: CLIENT -> SERVER:   [] []
[2018-09-28 06:44:05] clx.INFO: CLIENT -> SERVER:   [] []
[2018-09-28 06:44:05] clx.INFO: CLIENT -> SERVER: --b1_fcbc6e3078b231c6e134ce4343238f7e--  [] []
[2018-09-28 06:44:05] clx.INFO: CLIENT -> SERVER:   [] []
[2018-09-28 06:44:05] clx.INFO: CLIENT -> SERVER: .  [] []
[2018-09-28 06:44:05] clx.INFO: SERVER -> CLIENT: 250 2.0.0 Ok: queued  [] []
[2018-09-28 06:44:05] clx.INFO: CLIENT -> SERVER: QUIT  [] []
[2018-09-28 06:44:05] clx.INFO: SERVER -> CLIENT: 221 2.0.0 Bye  [] []
[2019-02-21 18:08:58] clx.INFO: SMTP ERROR: Failed to connect to server: Operation timed out (60) [] []
[2019-02-21 18:08:58] clx.INFO: SMTP connect() failed. https://github.com/PHPMailer/PHPMailer/wiki/Troubleshooting [] []
[2019-02-21 18:15:19] clx.INFO: SMTP ERROR: Failed to connect to server: Connection refused (61) [] []
[2019-02-21 18:15:19] clx.INFO: SMTP connect() failed. https://github.com/PHPMailer/PHPMailer/wiki/Troubleshooting [] []
[2019-03-07 09:28:45] clx.INFO: SMTP ERROR: Failed to connect to server: Operation timed out (60) [] []
[2019-03-07 09:28:45] clx.INFO: SMTP connect() failed. https://github.com/PHPMailer/PHPMailer/wiki/Troubleshooting [] []
[2019-03-07 09:33:44] clx.INFO: SMTP ERROR: Failed to connect to server: Operation timed out (60) [] []
[2019-03-07 09:33:44] clx.INFO: SMTP connect() failed. https://github.com/PHPMailer/PHPMailer/wiki/Troubleshooting [] []
[2019-03-07 09:49:59] clx.INFO: SMTP ERROR: Failed to connect to server: Connection refused (61) [] []
[2019-03-07 09:49:59] clx.INFO: SMTP connect() failed. https://github.com/PHPMailer/PHPMailer/wiki/Troubleshooting [] []
